Traceback (most recent call last):
  File "./cuda-test.py", line 42, in <module>
    nestedfoo2[blockspergrid, threadsperblock](5)
  File "/home/jmcates/miniconda3/envs/zmcint/lib/python3.6/site-packages/numba/cuda/compiler.py", line 765, in __call__
    kernel = self.specialize(*args)
  File "/home/jmcates/miniconda3/envs/zmcint/lib/python3.6/site-packages/numba/cuda/compiler.py", line 776, in specialize
    kernel = self.compile(argtypes)
  File "/home/jmcates/miniconda3/envs/zmcint/lib/python3.6/site-packages/numba/cuda/compiler.py", line 792, in compile
    **self.targetoptions)
  File "/home/jmcates/miniconda3/envs/zmcint/lib/python3.6/site-packages/numba/compiler_lock.py", line 32, in _acquire_compile_lock
    return func(*args, **kwargs)
  File "/home/jmcates/miniconda3/envs/zmcint/lib/python3.6/site-packages/numba/cuda/compiler.py", line 62, in compile_kernel
    cres = compile_cuda(pyfunc, types.void, args, debug=debug, inline=inline)
  File "/home/jmcates/miniconda3/envs/zmcint/lib/python3.6/site-packages/numba/compiler_lock.py", line 32, in _acquire_compile_lock
    return func(*args, **kwargs)
  File "/home/jmcates/miniconda3/envs/zmcint/lib/python3.6/site-packages/numba/cuda/compiler.py", line 51, in compile_cuda
    locals={})
  File "/home/jmcates/miniconda3/envs/zmcint/lib/python3.6/site-packages/numba/compiler.py", line 941, in compile_extra
    return pipeline.compile_extra(func)
  File "/home/jmcates/miniconda3/envs/zmcint/lib/python3.6/site-packages/numba/compiler.py", line 372, in compile_extra
    return self._compile_bytecode()
  File "/home/jmcates/miniconda3/envs/zmcint/lib/python3.6/site-packages/numba/compiler.py", line 872, in _compile_bytecode
    return self._compile_core()
  File "/home/jmcates/miniconda3/envs/zmcint/lib/python3.6/site-packages/numba/compiler.py", line 859, in _compile_core
    res = pm.run(self.status)
  File "/home/jmcates/miniconda3/envs/zmcint/lib/python3.6/site-packages/numba/compiler_lock.py", line 32, in _acquire_compile_lock
    return func(*args, **kwargs)
  File "/home/jmcates/miniconda3/envs/zmcint/lib/python3.6/site-packages/numba/compiler.py", line 253, in run
    raise patched_exception
  File "/home/jmcates/miniconda3/envs/zmcint/lib/python3.6/site-packages/numba/compiler.py", line 244, in run
    stage()
  File "/home/jmcates/miniconda3/envs/zmcint/lib/python3.6/site-packages/numba/compiler.py", line 500, in stage_nopython_frontend
    self.locals)
  File "/home/jmcates/miniconda3/envs/zmcint/lib/python3.6/site-packages/numba/compiler.py", line 1044, in type_inference_stage
    infer.propagate()
  File "/home/jmcates/miniconda3/envs/zmcint/lib/python3.6/site-packages/numba/typeinfer.py", line 861, in propagate
    raise errors[0]
numba.errors.TypingError: Failed in nopython mode pipeline (step: nopython frontend)
No conversion from float64 to none for '$122.2', defined at None

File "cuda-test.py", line 37:
def nestedfoo2(x):
    <source elided>

    return tmp
    ^

[1] During: typing of assignment at ./cuda-test.py (37)

File "cuda-test.py", line 37:
def nestedfoo2(x):
    <source elided>

    return tmp
    ^

srun: error: gpu-0-0: task 0: Exited with exit code 1
